MPI startup(): shm:tcp fabric is unknown or has been removed from the product, please use ofi or shm:ofi instead.
 warning: current method for setting time step does not use material properties
 and mesh information from files (only scalars from btp%... in input file are us
 ed)
 traditional_6_pml-off_anelastic-c2_A_v3                                        
                                                                                
                                                                                
                    
 Domain time parameters :
         Number of time steps =          554
         Initial dt =   1.443386257845433E-002
         Final time =    8.00000000000000     
  0.000000000000000E+000           1           1          86          71
  0.000000000000000E+000   17.0000000000000        14.0000000000000     
  0.000000000000000E+000   17.0000000000000        14.0000000000000     
  0.000000000000000E+000           2           1          71          86
  0.000000000000000E+000   14.0000000000000        17.0000000000000     
  0.000000000000000E+000   14.0000000000000        17.0000000000000     
 n =            1  of          554  time steps, t =   1.443386257845433E-002 
  time in time step =   0.572384000000000     
 n =            2  of          554  time steps, t =   2.886772515690867E-002 
  time in time step =   0.577965000000000     
 n =            3  of          554  time steps, t =   4.330158773536300E-002 
  time in time step =   0.578391000000000     
 n =            4  of          554  time steps, t =   5.773545031381733E-002 
  time in time step =   0.577979000000000     
 n =            5  of          554  time steps, t =   7.216931289227167E-002 
  time in time step =   0.578055000000000     
 n =            6  of          554  time steps, t =   8.660317547072600E-002 
  time in time step =   0.577867000000000     
 n =            7  of          554  time steps, t =   0.101037038049180      
  time in time step =   0.627950000000000     
 n =            8  of          554  time steps, t =   0.115470900627635      
  time in time step =   0.606251000000000     
 n =            9  of          554  time steps, t =   0.129904763206089      
  time in time step =   0.606667000000000     
 n =           10  of          554  time steps, t =   0.144338625784543      
  time in time step =   0.606408000000000     
 n =           11  of          554  time steps, t =   0.158772488362998      
  time in time step =   0.606291000000001     
 n =           12  of          554  time steps, t =   0.173206350941452      
  time in time step =   0.607405000000000     
 n =           13  of          554  time steps, t =   0.187640213519906      
  time in time step =   0.607728000000000     
 n =           14  of          554  time steps, t =   0.202074076098361      
  time in time step =   0.607251000000002     
 n =           15  of          554  time steps, t =   0.216507938676815      
  time in time step =   0.602569000000001     
 n =           16  of          554  time steps, t =   0.230941801255269      
  time in time step =   0.604360000000000     
 n =           17  of          554  time steps, t =   0.245375663833724      
  time in time step =   0.603809000000000     
 n =           18  of          554  time steps, t =   0.259809526412178      
  time in time step =   0.602758000000001     
 n =           19  of          554  time steps, t =   0.274243388990632      
  time in time step =   0.604414000000000     
 n =           20  of          554  time steps, t =   0.288677251569087      
  time in time step =   0.603396000000000     
 n =           21  of          554  time steps, t =   0.303111114147541      
  time in time step =   0.603295000000001     
 n =           22  of          554  time steps, t =   0.317544976725995      
  time in time step =   0.617645000000000     
 n =           23  of          554  time steps, t =   0.331978839304450      
  time in time step =   0.608190000000000     
 n =           24  of          554  time steps, t =   0.346412701882904      
  time in time step =   0.603232000000000     
 n =           25  of          554  time steps, t =   0.360846564461359      
  time in time step =   0.604215000000002     
 n =           26  of          554  time steps, t =   0.375280427039813      
  time in time step =   0.603325000000000     
 n =           27  of          554  time steps, t =   0.389714289618267      
  time in time step =   0.603848999999999     
 n =           28  of          554  time steps, t =   0.404148152196722      
  time in time step =   0.603318999999999     
 n =           29  of          554  time steps, t =   0.418582014775176      
  time in time step =   0.603839000000001     
 n =           30  of          554  time steps, t =   0.433015877353630      
  time in time step =   0.603075000000000     
 n =           31  of          554  time steps, t =   0.447449739932085      
  time in time step =   0.603762999999997     
 n =           32  of          554  time steps, t =   0.461883602510539      
  time in time step =   0.601913000000000     
 n =           33  of          554  time steps, t =   0.476317465088993      
  time in time step =   0.602943000000000     
 n =           34  of          554  time steps, t =   0.490751327667448      
  time in time step =   0.603961999999999     
 n =           35  of          554  time steps, t =   0.505185190245902      
  time in time step =   0.604352000000002     
 n =           36  of          554  time steps, t =   0.519619052824356      
  time in time step =   0.604413000000001     
 n =           37  of          554  time steps, t =   0.534052915402811      
  time in time step =   0.602903999999999     
 n =           38  of          554  time steps, t =   0.548486777981265      
  time in time step =   0.604426000000000     
 n =           39  of          554  time steps, t =   0.562920640559720      
  time in time step =   0.604621000000002     
 n =           40  of          554  time steps, t =   0.577354503138174      
  time in time step =   0.600735999999998     
 n =           41  of          554  time steps, t =   0.591788365716628      
  time in time step =   0.603545000000000     
 n =           42  of          554  time steps, t =   0.606222228295083      
  time in time step =   0.603714000000004     
 n =           43  of          554  time steps, t =   0.620656090873537      
  time in time step =   0.603479000000000     
 n =           44  of          554  time steps, t =   0.635089953451991      
  time in time step =   0.603187999999999     
 n =           45  of          554  time steps, t =   0.649523816030446      
  time in time step =   0.603501000000001     
 n =           46  of          554  time steps, t =   0.663957678608900      
  time in time step =   0.604528999999999     
 n =           47  of          554  time steps, t =   0.678391541187354      
  time in time step =   0.603341000000000     
 n =           48  of          554  time steps, t =   0.692825403765809      
  time in time step =   0.603797999999998     
 n =           49  of          554  time steps, t =   0.707259266344263      
  time in time step =   0.604032000000000     
 n =           50  of          554  time steps, t =   0.721693128922718      
  time in time step =   0.602494000000000     
 n =           51  of          554  time steps, t =   0.736126991501172      
  time in time step =   0.603943000000001     
 n =           52  of          554  time steps, t =   0.750560854079626      
  time in time step =   0.604348000000002     
 n =           53  of          554  time steps, t =   0.764994716658081      
  time in time step =   0.603112999999997     
 n =           54  of          554  time steps, t =   0.779428579236535      
  time in time step =   0.604019999999998     
 n =           55  of          554  time steps, t =   0.793862441814989      
  time in time step =   0.602818999999997     
 n =           56  of          554  time steps, t =   0.808296304393444      
  time in time step =   0.603968999999999     
 n =           57  of          554  time steps, t =   0.822730166971898      
  time in time step =   0.603482000000000     
 n =           58  of          554  time steps, t =   0.837164029550352      
  time in time step =   0.603361999999997     
 n =           59  of          554  time steps, t =   0.851597892128807      
  time in time step =   0.604106000000002     
 n =           60  of          554  time steps, t =   0.866031754707261      
  time in time step =   0.603115000000003     
 n =           61  of          554  time steps, t =   0.880465617285715      
  time in time step =   0.604419000000000     
 n =           62  of          554  time steps, t =   0.894899479864170      
  time in time step =   0.603110000000001     
 n =           63  of          554  time steps, t =   0.909333342442624      
  time in time step =   0.603634000000000     
 n =           64  of          554  time steps, t =   0.923767205021079      
  time in time step =   0.603436000000002     
 n =           65  of          554  time steps, t =   0.938201067599533      
  time in time step =   0.604596999999998     
 n =           66  of          554  time steps, t =   0.952634930177987      
  time in time step =   0.602268000000002     
 n =           67  of          554  time steps, t =   0.967068792756442      
  time in time step =   0.603800000000007     
 n =           68  of          554  time steps, t =   0.981502655334896      
  time in time step =   0.603946000000001     
 n =           69  of          554  time steps, t =   0.995936517913350      
  time in time step =   0.600231000000001     
 n =           70  of          554  time steps, t =    1.01037038049180      
  time in time step =   0.604185000000001     
 n =           71  of          554  time steps, t =    1.02480424307026      
  time in time step =   0.603430000000003     
 n =           72  of          554  time steps, t =    1.03923810564871      
  time in time step =   0.607269000000002     
 n =           73  of          554  time steps, t =    1.05367196822717      
  time in time step =   0.604171000000001     
 n =           74  of          554  time steps, t =    1.06810583080562      
  time in time step =   0.602211999999994     
 n =           75  of          554  time steps, t =    1.08253969338408      
  time in time step =   0.604824000000001     
 n =           76  of          554  time steps, t =    1.09697355596253      
  time in time step =   0.603717000000003     
 n =           77  of          554  time steps, t =    1.11140741854099      
  time in time step =   0.603211000000002     
 n =           78  of          554  time steps, t =    1.12584128111944      
  time in time step =   0.604055000000002     
 n =           79  of          554  time steps, t =    1.14027514369789      
  time in time step =   0.603649000000004     
 n =           80  of          554  time steps, t =    1.15470900627635      
  time in time step =   0.603895999999999     
 n =           81  of          554  time steps, t =    1.16914286885480      
  time in time step =   0.604281000000000     
 n =           82  of          554  time steps, t =    1.18357673143326      
  time in time step =   0.604053000000000     
 n =           83  of          554  time steps, t =    1.19801059401171      
  time in time step =   0.603310000000000     
 n =           84  of          554  time steps, t =    1.21244445659017      
  time in time step =   0.604189000000005     
 n =           85  of          554  time steps, t =    1.22687831916862      
  time in time step =   0.603912000000001     
 n =           86  of          554  time steps, t =    1.24131218174707      
  time in time step =   0.603707000000000     
 n =           87  of          554  time steps, t =    1.25574604432553      
  time in time step =   0.603453000000002     
 n =           88  of          554  time steps, t =    1.27017990690398      
  time in time step =   0.605129999999996     
 n =           89  of          554  time steps, t =    1.28461376948244      
  time in time step =   0.602682000000001     
 n =           90  of          554  time steps, t =    1.29904763206089      
  time in time step =   0.604729999999996     
 n =           91  of          554  time steps, t =    1.31348149463935      
  time in time step =   0.603108999999996     
 n =           92  of          554  time steps, t =    1.32791535721780      
  time in time step =   0.604458999999999     
 n =           93  of          554  time steps, t =    1.34234921979625      
  time in time step =   0.604986999999994     
 n =           94  of          554  time steps, t =    1.35678308237471      
  time in time step =   0.603232000000006     
 n =           95  of          554  time steps, t =    1.37121694495316      
  time in time step =   0.605401000000001     
 n =           96  of          554  time steps, t =    1.38565080753162      
  time in time step =   0.603835999999994     
 n =           97  of          554  time steps, t =    1.40008467011007      
  time in time step =   0.604979999999998     
 n =           98  of          554  time steps, t =    1.41451853268853      
  time in time step =   0.603073000000002     
 n =           99  of          554  time steps, t =    1.42895239526698      
  time in time step =   0.604632000000002     
 n =          100  of          554  time steps, t =    1.44338625784544      
  time in time step =   0.604115000000000     
 n =          101  of          554  time steps, t =    1.45782012042389      
  time in time step =   0.604889999999997     
 n =          102  of          554  time steps, t =    1.47225398300234      
  time in time step =   0.603696000000006     
 n =          103  of          554  time steps, t =    1.48668784558080      
  time in time step =   0.603217000000001     
 n =          104  of          554  time steps, t =    1.50112170815925      
  time in time step =   0.605172999999994     
 n =          105  of          554  time steps, t =    1.51555557073771      
  time in time step =   0.613610000000001     
 n =          106  of          554  time steps, t =    1.52998943331616      
  time in time step =   0.604252000000002     
 n =          107  of          554  time steps, t =    1.54442329589462      
  time in time step =   0.603466999999995     
 n =          108  of          554  time steps, t =    1.55885715847307      
  time in time step =   0.604399999999998     
 n =          109  of          554  time steps, t =    1.57329102105152      
  time in time step =   0.604889999999997     
 n =          110  of          554  time steps, t =    1.58772488362998      
  time in time step =   0.603770000000011     
 n =          111  of          554  time steps, t =    1.60215874620843      
  time in time step =   0.605672999999996     
 n =          112  of          554  time steps, t =    1.61659260878689      
  time in time step =   0.603946000000008     
 n =          113  of          554  time steps, t =    1.63102647136534      
  time in time step =   0.604496999999995     
 n =          114  of          554  time steps, t =    1.64546033394380      
  time in time step =   0.604253000000000     
 n =          115  of          554  time steps, t =    1.65989419652225      
  time in time step =   0.605252000000007     
 n =          116  of          554  time steps, t =    1.67432805910071      
  time in time step =   0.604446999999993     
 n =          117  of          554  time steps, t =    1.68876192167916      
  time in time step =   0.604652000000002     
 n =          118  of          554  time steps, t =    1.70319578425761      
  time in time step =   0.604221000000010     
 n =          119  of          554  time steps, t =    1.71762964683607      
  time in time step =   0.604970000000009     
 n =          120  of          554  time steps, t =    1.73206350941452      
  time in time step =   0.603943999999998     
 n =          121  of          554  time steps, t =    1.74649737199298      
  time in time step =   0.621615000000006     
 n =          122  of          554  time steps, t =    1.76093123457143      
  time in time step =   0.602116999999993     
 n =          123  of          554  time steps, t =    1.77536509714989      
  time in time step =   0.604915000000005     
 n =          124  of          554  time steps, t =    1.78979895972834      
  time in time step =   0.604911000000001     
 n =          125  of          554  time steps, t =    1.80423282230679      
  time in time step =   0.603572000000000     
 n =          126  of          554  time steps, t =    1.81866668488525      
  time in time step =   0.605261999999996     
 n =          127  of          554  time steps, t =    1.83310054746370      
  time in time step =   0.604695000000007     
 n =          128  of          554  time steps, t =    1.84753441004216      
  time in time step =   0.604798000000002     
 n =          129  of          554  time steps, t =    1.86196827262061      
  time in time step =   0.604994000000005     
 n =          130  of          554  time steps, t =    1.87640213519907      
  time in time step =   0.604697000000002     
 n =          131  of          554  time steps, t =    1.89083599777752      
  time in time step =   0.605676000000003     
 n =          132  of          554  time steps, t =    1.90526986035598      
  time in time step =   0.604278999999991     
 n =          133  of          554  time steps, t =    1.91970372293443      
  time in time step =   0.605184999999992     
 n =          134  of          554  time steps, t =    1.93413758551288      
  time in time step =   0.604489000000001     
 n =          135  of          554  time steps, t =    1.94857144809134      
  time in time step =   0.605075999999997     
 n =          136  of          554  time steps, t =    1.96300531066979      
  time in time step =   0.604192000000012     
 n =          137  of          554  time steps, t =    1.97743917324825      
  time in time step =   0.605878000000004     
 n =          138  of          554  time steps, t =    1.99187303582670      
  time in time step =   0.603861999999992     
 n =          139  of          554  time steps, t =    2.00630689840516      
  time in time step =   0.606309000000010     
 n =          140  of          554  time steps, t =    2.02074076098361      
  time in time step =   0.603901000000008     
 n =          141  of          554  time steps, t =    2.03517462356206      
  time in time step =   0.604822999999996     
 n =          142  of          554  time steps, t =    2.04960848614052      
  time in time step =   0.605018999999999     
 n =          143  of          554  time steps, t =    2.06404234871897      
  time in time step =   0.605034000000003     
 n =          144  of          554  time steps, t =    2.07847621129743      
  time in time step =   0.605253999999988     
 n =          145  of          554  time steps, t =    2.09291007387588      
  time in time step =   0.604580999999996     
 n =          146  of          554  time steps, t =    2.10734393645434      
  time in time step =   0.605774000000011     
 n =          147  of          554  time steps, t =    2.12177779903279      
  time in time step =   0.604578000000004     
 n =          148  of          554  time steps, t =    2.13621166161124      
  time in time step =   0.604904000000005     
 n =          149  of          554  time steps, t =    2.15064552418970      
  time in time step =   0.605234999999993     
 n =          150  of          554  time steps, t =    2.16507938676815      
  time in time step =   0.604562000000001     
 n =          151  of          554  time steps, t =    2.17951324934661      
  time in time step =   0.605429000000001     
 n =          152  of          554  time steps, t =    2.19394711192506      
  time in time step =   0.605760999999987     
 n =          153  of          554  time steps, t =    2.20838097450352      
  time in time step =   0.604965999999990     
 n =          154  of          554  time steps, t =    2.22281483708197      
  time in time step =   0.605018999999999     
 n =          155  of          554  time steps, t =    2.23724869966043      
  time in time step =   0.604500999999999     
 n =          156  of          554  time steps, t =    2.25168256223888      
  time in time step =   0.605461999999989     
 n =          157  of          554  time steps, t =    2.26611642481733      
  time in time step =   0.606258999999994     
 n =          158  of          554  time steps, t =    2.28055028739579      
  time in time step =   0.605079000000003     
 n =          159  of          554  time steps, t =    2.29498414997424      
  time in time step =   0.605560999999994     
 n =          160  of          554  time steps, t =    2.30941801255270      
  time in time step =   0.604236999999998     
 n =          161  of          554  time steps, t =    2.32385187513115      
  time in time step =   0.605688999999998     
 n =          162  of          554  time steps, t =    2.33828573770961      
  time in time step =   0.604486000000009     
 n =          163  of          554  time steps, t =    2.35271960028806      
  time in time step =   0.606127000000001     
 n =          164  of          554  time steps, t =    2.36715346286651      
  time in time step =   0.604980999999995     
 n =          165  of          554  time steps, t =    2.38158732544497      
  time in time step =   0.605259000000004     
 n =          166  of          554  time steps, t =    2.39602118802342      
  time in time step =   0.606202999999994     
 n =          167  of          554  time steps, t =    2.41045505060188      
  time in time step =   0.604588999999990     
 n =          168  of          554  time steps, t =    2.42488891318033      
  time in time step =   0.605966000000009     
 n =          169  of          554  time steps, t =    2.43932277575879      
  time in time step =   0.605462000000003     
 n =          170  of          554  time steps, t =    2.45375663833724      
  time in time step =   0.612330000000000     
 n =          171  of          554  time steps, t =    2.46819050091570      
  time in time step =   0.627224999999996     
 n =          172  of          554  time steps, t =    2.48262436349415      
  time in time step =   0.605106999999990     
 n =          173  of          554  time steps, t =    2.49705822607260      
  time in time step =   0.605651000000009     
 n =          174  of          554  time steps, t =    2.51149208865106      
  time in time step =   0.605433999999988     
 n =          175  of          554  time steps, t =    2.52592595122951      
  time in time step =   0.605712999999994     
 n =          176  of          554  time steps, t =    2.54035981380797      
  time in time step =   0.605774999999994     
 n =          177  of          554  time steps, t =    2.55479367638642      
  time in time step =   0.605756999999997     
 n =          178  of          554  time steps, t =    2.56922753896488      
  time in time step =   0.605559000000000     
 n =          179  of          554  time steps, t =    2.58366140154333      
  time in time step =   0.605130000000003     
 n =          180  of          554  time steps, t =    2.59809526412178      
  time in time step =   0.605940000000004     
 n =          181  of          554  time steps, t =    2.61252912670024      
  time in time step =   0.605378999999999     
 n =          182  of          554  time steps, t =    2.62696298927869      
  time in time step =   0.605930999999998     
 n =          183  of          554  time steps, t =    2.64139685185715      
  time in time step =   0.604673000000005     
 n =          184  of          554  time steps, t =    2.65583071443560      
  time in time step =   0.605778000000001     
 n =          185  of          554  time steps, t =    2.67026457701406      
  time in time step =   0.606085999999991     
 n =          186  of          554  time steps, t =    2.68469843959251      
  time in time step =   0.604952999999995     
 n =          187  of          554  time steps, t =    2.69913230217096      
  time in time step =   0.606205000000003     
 n =          188  of          554  time steps, t =    2.71356616474942      
  time in time step =   0.605439000000004     
 n =          189  of          554  time steps, t =    2.72800002732787      
  time in time step =   0.606197000000009     
 n =          190  of          554  time steps, t =    2.74243388990633      
  time in time step =   0.605502000000001     
 n =          191  of          554  time steps, t =    2.75686775248478      
  time in time step =   0.606073999999992     
 n =          192  of          554  time steps, t =    2.77130161506324      
  time in time step =   0.605468000000002     
 n =          193  of          554  time steps, t =    2.78573547764169      
  time in time step =   0.606077999999997     
 n =          194  of          554  time steps, t =    2.80016934022015      
  time in time step =   0.605626999999998     
 n =          195  of          554  time steps, t =    2.81460320279860      
  time in time step =   0.605369000000010     
 n =          196  of          554  time steps, t =    2.82903706537705      
  time in time step =   0.606189000000001     
 n =          197  of          554  time steps, t =    2.84347092795551      
  time in time step =   0.606246999999996     
 n =          198  of          554  time steps, t =    2.85790479053396      
  time in time step =   0.606082000000001     
 n =          199  of          554  time steps, t =    2.87233865311242      
  time in time step =   0.604298999999997     
 n =          200  of          554  time steps, t =    2.88677251569087      
  time in time step =   0.607270999999997     
 n =          201  of          554  time steps, t =    2.90120637826933      
  time in time step =   0.606462000000008     
 n =          202  of          554  time steps, t =    2.91564024084778      
  time in time step =   0.604838999999998     
 n =          203  of          554  time steps, t =    2.93007410342623      
  time in time step =   0.606944999999996     
 n =          204  of          554  time steps, t =    2.94450796600469      
  time in time step =   0.625097999999994     
 n =          205  of          554  time steps, t =    2.95894182858314      
  time in time step =   0.605772000000002     
 n =          206  of          554  time steps, t =    2.97337569116160      
  time in time step =   0.605069000000000     
 n =          207  of          554  time steps, t =    2.98780955374005      
  time in time step =   0.605775999999992     
 n =          208  of          554  time steps, t =    3.00224341631851      
  time in time step =   0.606292999999994     
 n =          209  of          554  time steps, t =    3.01667727889696      
  time in time step =   0.605830999999995     
 n =          210  of          554  time steps, t =    3.03111114147542      
  time in time step =   0.606537000000003     
 n =          211  of          554  time steps, t =    3.04554500405387      
  time in time step =   0.605643000000001     
 n =          212  of          554  time steps, t =    3.05997886663232      
  time in time step =   0.605559999999997     
 n =          213  of          554  time steps, t =    3.07441272921078      
  time in time step =   0.605938999999978     
 n =          214  of          554  time steps, t =    3.08884659178923      
  time in time step =   0.606583999999998     
 n =          215  of          554  time steps, t =    3.10328045436769      
  time in time step =   0.605302999999992     
 n =          216  of          554  time steps, t =    3.11771431694614      
  time in time step =   0.607129000000015     
 n =          217  of          554  time steps, t =    3.13214817952460      
  time in time step =   0.605699999999985     
 n =          218  of          554  time steps, t =    3.14658204210305      
  time in time step =   0.607352999999989     
 n =          219  of          554  time steps, t =    3.16101590468150      
  time in time step =   0.620370000000008     
 n =          220  of          554  time steps, t =    3.17544976725996      
  time in time step =   0.605559000000000     
 n =          221  of          554  time steps, t =    3.18988362983841      
  time in time step =   0.606227999999987     
 n =          222  of          554  time steps, t =    3.20431749241687      
  time in time step =   0.605259000000018     
 n =          223  of          554  time steps, t =    3.21875135499532      
  time in time step =   0.606479000000007     
 n =          224  of          554  time steps, t =    3.23318521757378      
  time in time step =   0.606238000000019     
 n =          225  of          554  time steps, t =    3.24761908015223      
  time in time step =   0.604473000000013     
 n =          226  of          554  time steps, t =    3.26205294273068      
  time in time step =   0.607234000000005     
 n =          227  of          554  time steps, t =    3.27648680530914      
  time in time step =   0.605726000000004     
 n =          228  of          554  time steps, t =    3.29092066788759      
  time in time step =   0.605736000000007     
 n =          229  of          554  time steps, t =    3.30535453046605      
  time in time step =   0.605506999999989     
 n =          230  of          554  time steps, t =    3.31978839304450      
  time in time step =   0.606298000000010     
 n =          231  of          554  time steps, t =    3.33422225562296      
  time in time step =   0.607030000000009     
 n =          232  of          554  time steps, t =    3.34865611820141      
  time in time step =   0.605827000000005     
 n =          233  of          554  time steps, t =    3.36308998077987      
  time in time step =   0.605962000000005     
 n =          234  of          554  time steps, t =    3.37752384335832      
  time in time step =   0.606043999999997     
 n =          235  of          554  time steps, t =    3.39195770593677      
  time in time step =   0.605826999999977     
 n =          236  of          554  time steps, t =    3.40639156851523      
  time in time step =   0.606795000000005     
 n =          237  of          554  time steps, t =    3.42082543109368      
  time in time step =   0.605596999999989     
 n =          238  of          554  time steps, t =    3.43525929367214      
  time in time step =   0.605989999999991     
 n =          239  of          554  time steps, t =    3.44969315625059      
  time in time step =   0.606049000000013     
 n =          240  of          554  time steps, t =    3.46412701882905      
  time in time step =   0.605364000000009     
 n =          241  of          554  time steps, t =    3.47856088140750      
  time in time step =   0.606255999999973     
 n =          242  of          554  time steps, t =    3.49299474398595      
  time in time step =   0.606517999999994     
 n =          243  of          554  time steps, t =    3.50742860656441      
  time in time step =   0.604772000000025     
 n =          244  of          554  time steps, t =    3.52186246914286      
  time in time step =   0.607060999999987     
 n =          245  of          554  time steps, t =    3.53629633172132      
  time in time step =   0.605984000000007     
 n =          246  of          554  time steps, t =    3.55073019429977      
  time in time step =   0.604286999999999     
 n =          247  of          554  time steps, t =    3.56516405687823      
  time in time step =   0.607673000000005     
 n =          248  of          554  time steps, t =    3.57959791945668      
  time in time step =   0.605652000000021     
 n =          249  of          554  time steps, t =    3.59403178203514      
  time in time step =   0.607110000000006     
 n =          250  of          554  time steps, t =    3.60846564461359      
  time in time step =   0.606331999999981     
 n =          251  of          554  time steps, t =    3.62289950719204      
  time in time step =   0.606498999999985     
 n =          252  of          554  time steps, t =    3.63733336977050      
  time in time step =   0.605903999999981     
 n =          253  of          554  time steps, t =    3.65176723234895      
  time in time step =   0.605128999999977     
 n =          254  of          554  time steps, t =    3.66620109492741      
  time in time step =   0.606829999999974     
 n =          255  of          554  time steps, t =    3.68063495750586      
  time in time step =   0.606008000000003     
 n =          256  of          554  time steps, t =    3.69506882008432      
  time in time step =   0.605964000000000     
 n =          257  of          554  time steps, t =    3.70950268266277      
  time in time step =   0.607485999999994     
 n =          258  of          554  time steps, t =    3.72393654524122      
  time in time step =   0.605272000000014     
 n =          259  of          554  time steps, t =    3.73837040781968      
  time in time step =   0.606169999999992     
 n =          260  of          554  time steps, t =    3.75280427039813      
  time in time step =   0.607160999999991     
 n =          261  of          554  time steps, t =    3.76723813297659      
  time in time step =   0.606018000000006     
 n =          262  of          554  time steps, t =    3.78167199555504      
  time in time step =   0.606233000000003     
 n =          263  of          554  time steps, t =    3.79610585813350      
  time in time step =   0.606515999999999     
 n =          264  of          554  time steps, t =    3.81053972071195      
  time in time step =   0.605816999999973     
 n =          265  of          554  time steps, t =    3.82497358329040      
  time in time step =   0.606889999999993     
 n =          266  of          554  time steps, t =    3.83940744586886      
  time in time step =   0.606668999999982     
 n =          267  of          554  time steps, t =    3.85384130844731      
  time in time step =   0.605358000000024     
 n =          268  of          554  time steps, t =    3.86827517102577      
  time in time step =   0.606707000000000     
 n =          269  of          554  time steps, t =    3.88270903360422      
  time in time step =   0.607140999999984     
 n =          270  of          554  time steps, t =    3.89714289618268      
  time in time step =   0.606780999999984     
 n =          271  of          554  time steps, t =    3.91157675876113      
  time in time step =   0.605462999999986     
 n =          272  of          554  time steps, t =    3.92601062133959      
  time in time step =   0.607733999999994     
 n =          273  of          554  time steps, t =    3.94044448391804      
  time in time step =   0.605446999999998     
 n =          274  of          554  time steps, t =    3.95487834649649      
  time in time step =   0.606864000000002     
 n =          275  of          554  time steps, t =    3.96931220907495      
  time in time step =   0.606406999999990     
 n =          276  of          554  time steps, t =    3.98374607165340      
  time in time step =   0.605224000000021     
 n =          277  of          554  time steps, t =    3.99817993423186      
  time in time step =   0.606809999999996     
 n =          278  of          554  time steps, t =    4.01261379681031      
  time in time step =   0.606898999999999     
 n =          279  of          554  time steps, t =    4.02704765938877      
  time in time step =   0.605502999999999     
 n =          280  of          554  time steps, t =    4.04148152196722      
  time in time step =   0.606646000000012     
 n =          281  of          554  time steps, t =    4.05591538454567      
  time in time step =   0.605939000000006     
 n =          282  of          554  time steps, t =    4.07034924712413      
  time in time step =   0.607202999999998     
 n =          283  of          554  time steps, t =    4.08478310970258      
  time in time step =   0.634163000000001     
 n =          284  of          554  time steps, t =    4.09921697228104      
  time in time step =   0.607525999999979     
 n =          285  of          554  time steps, t =    4.11365083485949      
  time in time step =   0.605551999999989     
 n =          286  of          554  time steps, t =    4.12808469743795      
  time in time step =   0.608518000000004     
 n =          287  of          554  time steps, t =    4.14251856001640      
  time in time step =   0.605941000000001     
 n =          288  of          554  time steps, t =    4.15695242259485      
  time in time step =   0.606662000000000     
 n =          289  of          554  time steps, t =    4.17138628517331      
  time in time step =   0.606074000000007     
 n =          290  of          554  time steps, t =    4.18582014775176      
  time in time step =   0.606234999999998     
 n =          291  of          554  time steps, t =    4.20025401033022      
  time in time step =   0.606241000000011     
 n =          292  of          554  time steps, t =    4.21468787290867      
  time in time step =   0.606149999999985     
 n =          293  of          554  time steps, t =    4.22912173548713      
  time in time step =   0.606052000000005     
 n =          294  of          554  time steps, t =    4.24355559806558      
  time in time step =   0.607344000000012     
 n =          295  of          554  time steps, t =    4.25798946064404      
  time in time step =   0.605237000000017     
 n =          296  of          554  time steps, t =    4.27242332322249      
  time in time step =   0.606884000000008     
 n =          297  of          554  time steps, t =    4.28685718580094      
  time in time step =   0.607077000000004     
 n =          298  of          554  time steps, t =    4.30129104837940      
  time in time step =   0.606189000000001     
 n =          299  of          554  time steps, t =    4.31572491095785      
  time in time step =   0.606349999999992     
 n =          300  of          554  time steps, t =    4.33015877353631      
  time in time step =   0.606578000000013     
 n =          301  of          554  time steps, t =    4.34459263611476      
  time in time step =   0.606954999999999     
 n =          302  of          554  time steps, t =    4.35902649869322      
  time in time step =   0.605876000000023     
 n =          303  of          554  time steps, t =    4.37346036127167      
  time in time step =   0.606463000000019     
 n =          304  of          554  time steps, t =    4.38789422385012      
  time in time step =   0.606455999999980     
 n =          305  of          554  time steps, t =    4.40232808642858      
  time in time step =   0.606120000000004     
 n =          306  of          554  time steps, t =    4.41676194900703      
  time in time step =   0.606477999999981     
 n =          307  of          554  time steps, t =    4.43119581158549      
  time in time step =   0.606744999999989     
 n =          308  of          554  time steps, t =    4.44562967416394      
  time in time step =   0.605784999999997     
 n =          309  of          554  time steps, t =    4.46006353674240      
  time in time step =   0.606220000000008     
 n =          310  of          554  time steps, t =    4.47449739932085      
  time in time step =   0.606895000000009     
 n =          311  of          554  time steps, t =    4.48893126189930      
  time in time step =   0.606226999999990     
 n =          312  of          554  time steps, t =    4.50336512447776      
  time in time step =   0.605678000000012     
 n =          313  of          554  time steps, t =    4.51779898705621      
  time in time step =   0.606624000000011     
 n =          314  of          554  time steps, t =    4.53223284963467      
  time in time step =   0.606356000000005     
 n =          315  of          554  time steps, t =    4.54666671221312      
  time in time step =   0.606626000000006     
 n =          316  of          554  time steps, t =    4.56110057479158      
  time in time step =   0.605694999999997     
 n =          317  of          554  time steps, t =    4.57553443737003      
  time in time step =   0.605027000000007     
 n =          318  of          554  time steps, t =    4.58996829994849      
  time in time step =   0.664927000000006     
 n =          319  of          554  time steps, t =    4.60440216252694      
  time in time step =   0.606256999999999     
 n =          320  of          554  time steps, t =    4.61883602510539      
  time in time step =   0.606275000000011     
 n =          321  of          554  time steps, t =    4.63326988768385      
  time in time step =   0.605734000000012     
 n =          322  of          554  time steps, t =    4.64770375026230      
  time in time step =   0.605604000000000     
 n =          323  of          554  time steps, t =    4.66213761284076      
  time in time step =   0.606587000000019     
 n =          324  of          554  time steps, t =    4.67657147541921      
  time in time step =   0.605116000000010     
 n =          325  of          554  time steps, t =    4.69100533799767      
  time in time step =   0.607171999999991     
 n =          326  of          554  time steps, t =    4.70543920057612      
  time in time step =   0.605830999999995     
 n =          327  of          554  time steps, t =    4.71987306315457      
  time in time step =   0.605977000000024     
 n =          328  of          554  time steps, t =    4.73430692573303      
  time in time step =   0.606763999999998     
 n =          329  of          554  time steps, t =    4.74874078831148      
  time in time step =   0.605608999999987     
 n =          330  of          554  time steps, t =    4.76317465088994      
  time in time step =   0.606437000000000     
 n =          331  of          554  time steps, t =    4.77760851346839      
  time in time step =   0.606024999999988     
 n =          332  of          554  time steps, t =    4.79204237604685      
  time in time step =   0.605929000000003     
 n =          333  of          554  time steps, t =    4.80647623862530      
  time in time step =   0.605119000000002     
 n =          334  of          554  time steps, t =    4.82091010120376      
  time in time step =   0.606319999999982     
 n =          335  of          554  time steps, t =    4.83534396378221      
  time in time step =   0.605249999999984     
 n =          336  of          554  time steps, t =    4.84977782636066      
  time in time step =   0.606025000000017     
 n =          337  of          554  time steps, t =    4.86421168893912      
  time in time step =   0.607036999999991     
 n =          338  of          554  time steps, t =    4.87864555151757      
  time in time step =   0.605231000000003     
 n =          339  of          554  time steps, t =    4.89307941409603      
  time in time step =   0.606815000000012     
 n =          340  of          554  time steps, t =    4.90751327667448      
  time in time step =   0.605491000000001     
 n =          341  of          554  time steps, t =    4.92194713925294      
  time in time step =   0.606135999999992     
 n =          342  of          554  time steps, t =    4.93638100183139      
  time in time step =   0.605568000000005     
 n =          343  of          554  time steps, t =    4.95081486440984      
  time in time step =   0.606287000000009     
 n =          344  of          554  time steps, t =    4.96524872698830      
  time in time step =   0.605605999999995     
 n =          345  of          554  time steps, t =    4.97968258956675      
  time in time step =   0.606112999999993     
 n =          346  of          554  time steps, t =    4.99411645214521      
  time in time step =   0.605311999999998     
 n =          347  of          554  time steps, t =    5.00855031472366      
  time in time step =   0.605461999999989     
 n =          348  of          554  time steps, t =    5.02298417730212      
  time in time step =   0.606600999999984     
 n =          349  of          554  time steps, t =    5.03741803988057      
  time in time step =   0.605618999999990     
 n =          350  of          554  time steps, t =    5.05185190245902      
  time in time step =   0.606693000000007     
 n =          351  of          554  time steps, t =    5.06628576503748      
  time in time step =   0.605812000000014     
 n =          352  of          554  time steps, t =    5.08071962761593      
  time in time step =   0.605420000000009     
 n =          353  of          554  time steps, t =    5.09515349019439      
  time in time step =   0.606254000000007     
 n =          354  of          554  time steps, t =    5.10958735277284      
  time in time step =   0.605533000000008     
 n =          355  of          554  time steps, t =    5.12402121535130      
  time in time step =   0.606138999999985     
 n =          356  of          554  time steps, t =    5.13845507792975      
  time in time step =   0.606002999999987     
 n =          357  of          554  time steps, t =    5.15288894050821      
  time in time step =   0.606392999999997     
 n =          358  of          554  time steps, t =    5.16732280308666      
  time in time step =   0.606090000000023     
 n =          359  of          554  time steps, t =    5.18175666566511      
  time in time step =   0.605060999999978     
 n =          360  of          554  time steps, t =    5.19619052824357      
  time in time step =   0.605812999999984     
 n =          361  of          554  time steps, t =    5.21062439082202      
  time in time step =   0.606036000000017     
 n =          362  of          554  time steps, t =    5.22505825340048      
  time in time step =   0.605187999999998     
 n =          363  of          554  time steps, t =    5.23949211597893      
  time in time step =   0.606197000000009     
 n =          364  of          554  time steps, t =    5.25392597855739      
  time in time step =   0.606195999999983     
 n =          365  of          554  time steps, t =    5.26835984113584      
  time in time step =   0.606134999999995     
 n =          366  of          554  time steps, t =    5.28279370371429      
  time in time step =   0.606043999999997     
 n =          367  of          554  time steps, t =    5.29722756629275      
  time in time step =   0.595258999999999     
 n =          368  of          554  time steps, t =    5.31166142887120      
  time in time step =   0.606600999999984     
 n =          369  of          554  time steps, t =    5.32609529144966      
  time in time step =   0.605128999999977     
 n =          370  of          554  time steps, t =    5.34052915402811      
  time in time step =   0.606320999999980     
 n =          371  of          554  time steps, t =    5.35496301660657      
  time in time step =   0.605293999999986     
 n =          372  of          554  time steps, t =    5.36939687918502      
  time in time step =   0.606021000000027     
 n =          373  of          554  time steps, t =    5.38383074176348      
  time in time step =   0.605820999999992     
 n =          374  of          554  time steps, t =    5.39826460434193      
  time in time step =   0.606436000000002     
 n =          375  of          554  time steps, t =    5.41269846692038      
  time in time step =   0.606435999999974     
 n =          376  of          554  time steps, t =    5.42713232949884      
  time in time step =   0.605784999999997     
 n =          377  of          554  time steps, t =    5.44156619207729      
  time in time step =   0.605904000000010     
 n =          378  of          554  time steps, t =    5.45600005465575      
  time in time step =   0.606225999999992     
 n =          379  of          554  time steps, t =    5.47043391723420      
  time in time step =   0.605632000000014     
 n =          380  of          554  time steps, t =    5.48486777981266      
  time in time step =   0.605569000000003     
 n =          381  of          554  time steps, t =    5.49930164239111      
  time in time step =   0.606065000000001     
 n =          382  of          554  time steps, t =    5.51373550496956      
  time in time step =   0.604828999999995     
 n =          383  of          554  time steps, t =    5.52816936754802      
  time in time step =   0.605256000000026     
 n =          384  of          554  time steps, t =    5.54260323012647      
  time in time step =   0.606113999999991     
 n =          385  of          554  time steps, t =    5.55703709270493      
  time in time step =   0.606000999999992     
 n =          386  of          554  time steps, t =    5.57147095528338      
  time in time step =   0.606085999999976     
 n =          387  of          554  time steps, t =    5.58590481786184      
  time in time step =   0.605502999999999     
 n =          388  of          554  time steps, t =    5.60033868044029      
  time in time step =   0.605076000000025     
 n =          389  of          554  time steps, t =    5.61477254301874      
  time in time step =   0.606727000000006     
 n =          390  of          554  time steps, t =    5.62920640559720      
  time in time step =   0.605859000000009     
 n =          391  of          554  time steps, t =    5.64364026817565      
  time in time step =   0.605877999999990     
 n =          392  of          554  time steps, t =    5.65807413075411      
  time in time step =   0.605728999999997     
 n =          393  of          554  time steps, t =    5.67250799333256      
  time in time step =   0.605348999999990     
 n =          394  of          554  time steps, t =    5.68694185591102      
  time in time step =   0.605976999999996     
 n =          395  of          554  time steps, t =    5.70137571848947      
  time in time step =   0.606325999999996     
 n =          396  of          554  time steps, t =    5.71580958106793      
  time in time step =   0.606102999999990     
 n =          397  of          554  time steps, t =    5.73024344364638      
  time in time step =   0.605252000000007     
 n =          398  of          554  time steps, t =    5.74467730622483      
  time in time step =   0.605843000000021     
 n =          399  of          554  time steps, t =    5.75911116880329      
  time in time step =   0.607269000000002     
 n =          400  of          554  time steps, t =    5.77354503138174      
  time in time step =   0.607222000000007     
 n =          401  of          554  time steps, t =    5.78797889396020      
  time in time step =   0.606107000000009     
 n =          402  of          554  time steps, t =    5.80241275653865      
  time in time step =   0.606043999999997     
 n =          403  of          554  time steps, t =    5.81684661911711      
  time in time step =   0.605092000000013     
 n =          404  of          554  time steps, t =    5.83128048169556      
  time in time step =   0.606052000000005     
 n =          405  of          554  time steps, t =    5.84571434427401      
  time in time step =   0.606007000000005     
 n =          406  of          554  time steps, t =    5.86014820685247      
  time in time step =   0.604881000000006     
 n =          407  of          554  time steps, t =    5.87458206943092      
  time in time step =   0.606710999999990     
 n =          408  of          554  time steps, t =    5.88901593200938      
  time in time step =   0.605503999999996     
 n =          409  of          554  time steps, t =    5.90344979458783      
  time in time step =   0.606335999999999     
 n =          410  of          554  time steps, t =    5.91788365716629      
  time in time step =   0.605752999999993     
 n =          411  of          554  time steps, t =    5.93231751974474      
  time in time step =   0.604919000000024     
 n =          412  of          554  time steps, t =    5.94675138232320      
  time in time step =   0.606480000000005     
 n =          413  of          554  time steps, t =    5.96118524490165      
  time in time step =   0.604927000000004     
 n =          414  of          554  time steps, t =    5.97561910748010      
  time in time step =   0.606611000000015     
 n =          415  of          554  time steps, t =    5.99005297005856      
  time in time step =   0.605897999999996     
 n =          416  of          554  time steps, t =    6.00448683263701      
  time in time step =   0.603981000000005     
 n =          417  of          554  time steps, t =    6.01892069521547      
  time in time step =   0.606109000000004     
 n =          418  of          554  time steps, t =    6.03335455779392      
  time in time step =   0.605345999999997     
 n =          419  of          554  time steps, t =    6.04778842037238      
  time in time step =   0.605847999999980     
 n =          420  of          554  time steps, t =    6.06222228295083      
  time in time step =   0.606099000000000     
 n =          421  of          554  time steps, t =    6.07665614552928      
  time in time step =   0.605726000000004     
 n =          422  of          554  time steps, t =    6.09109000810774      
  time in time step =   0.605874999999997     
 n =          423  of          554  time steps, t =    6.10552387068619      
  time in time step =   0.605588999999981     
 n =          424  of          554  time steps, t =    6.11995773326465      
  time in time step =   0.606361999999990     
 n =          425  of          554  time steps, t =    6.13439159584310      
  time in time step =   0.605645999999979     
 n =          426  of          554  time steps, t =    6.14882545842156      
  time in time step =   0.604247999999984     
 n =          427  of          554  time steps, t =    6.16325932100001      
  time in time step =   0.605938999999978     
 n =          428  of          554  time steps, t =    6.17769318357846      
  time in time step =   0.606134999999995     
 n =          429  of          554  time steps, t =    6.19212704615692      
  time in time step =   0.605570000000000     
 n =          430  of          554  time steps, t =    6.20656090873537      
  time in time step =   0.605987000000027     
 n =          431  of          554  time steps, t =    6.22099477131383      
  time in time step =   0.605715000000032     
 n =          432  of          554  time steps, t =    6.23542863389228      
  time in time step =   0.605545000000006     
 n =          433  of          554  time steps, t =    6.24986249647074      
  time in time step =   0.606371999999965     
 n =          434  of          554  time steps, t =    6.26429635904919      
  time in time step =   0.605183999999952     
 n =          435  of          554  time steps, t =    6.27873022162765      
  time in time step =   0.605480000000000     
 n =          436  of          554  time steps, t =    6.29316408420610      
  time in time step =   0.606085000000007     
 n =          437  of          554  time steps, t =    6.30759794678455      
  time in time step =   0.605514999999968     
 n =          438  of          554  time steps, t =    6.32203180936301      
  time in time step =   0.605462000000045     
 n =          439  of          554  time steps, t =    6.33646567194146      
  time in time step =   0.605038999999977     
 n =          440  of          554  time steps, t =    6.35089953451992      
  time in time step =   0.605915000000039     
 n =          441  of          554  time steps, t =    6.36533339709837      
  time in time step =   0.606137999999987     
 n =          442  of          554  time steps, t =    6.37976725967683      
  time in time step =   0.606252999999981     
 n =          443  of          554  time steps, t =    6.39420112225528      
  time in time step =   0.606156999999996     
 n =          444  of          554  time steps, t =    6.40863498483373      
  time in time step =   0.603787000000011     
 n =          445  of          554  time steps, t =    6.42306884741219      
  time in time step =   0.607129999999984     
 n =          446  of          554  time steps, t =    6.43750270999064      
  time in time step =   0.605345999999997     
 n =          447  of          554  time steps, t =    6.45193657256910      
  time in time step =   0.605462999999986     
 n =          448  of          554  time steps, t =    6.46637043514755      
  time in time step =   0.605126999999982     
 n =          449  of          554  time steps, t =    6.48080429772601      
  time in time step =   0.603716000000020     
 n =          450  of          554  time steps, t =    6.49523816030446      
  time in time step =   0.605851000000030     
 n =          451  of          554  time steps, t =    6.50967202288292      
  time in time step =   0.604826000000003     
 n =          452  of          554  time steps, t =    6.52410588546137      
  time in time step =   0.606263000000013     
 n =          453  of          554  time steps, t =    6.53853974803982      
  time in time step =   0.604958000000011     
 n =          454  of          554  time steps, t =    6.55297361061828      
  time in time step =   0.605758999999978     
 n =          455  of          554  time steps, t =    6.56740747319673      
  time in time step =   0.605844999999988     
 n =          456  of          554  time steps, t =    6.58184133577519      
  time in time step =   0.604670999999996     
 n =          457  of          554  time steps, t =    6.59627519835364      
  time in time step =   0.605524000000003     
 n =          458  of          554  time steps, t =    6.61070906093210      
  time in time step =   0.606735000000015     
 n =          459  of          554  time steps, t =    6.62514292351055      
  time in time step =   0.605230000000006     
 n =          460  of          554  time steps, t =    6.63957678608900      
  time in time step =   0.605244999999968     
 n =          461  of          554  time steps, t =    6.65401064866746      
  time in time step =   0.605472999999961     
 n =          462  of          554  time steps, t =    6.66844451124591      
  time in time step =   0.605016999999975     
 n =          463  of          554  time steps, t =    6.68287837382437      
  time in time step =   0.606505000000027     
 n =          464  of          554  time steps, t =    6.69731223640282      
  time in time step =   0.604728999999963     
 n =          465  of          554  time steps, t =    6.71174609898128      
  time in time step =   0.622946000000013     
 n =          466  of          554  time steps, t =    6.72617996155973      
  time in time step =   0.624687000000051     
 n =          467  of          554  time steps, t =    6.74061382413818      
  time in time step =   0.605149999999981     
 n =          468  of          554  time steps, t =    6.75504768671664      
  time in time step =   0.606330000000014     
 n =          469  of          554  time steps, t =    6.76948154929509      
  time in time step =   0.604730000000018     
 n =          470  of          554  time steps, t =    6.78391541187355      
  time in time step =   0.605977999999993     
 n =          471  of          554  time steps, t =    6.79834927445200      
  time in time step =   0.604583999999988     
 n =          472  of          554  time steps, t =    6.81278313703046      
  time in time step =   0.606673999999998     
 n =          473  of          554  time steps, t =    6.82721699960891      
  time in time step =   0.605937000000040     
 n =          474  of          554  time steps, t =    6.84165086218737      
  time in time step =   0.605394999999987     
 n =          475  of          554  time steps, t =    6.85608472476582      
  time in time step =   0.605387000000007     
 n =          476  of          554  time steps, t =    6.87051858734427      
  time in time step =   0.604932000000019     
 n =          477  of          554  time steps, t =    6.88495244992273      
  time in time step =   0.605501000000004     
 n =          478  of          554  time steps, t =    6.89938631250118      
  time in time step =   0.606124000000023     
 n =          479  of          554  time steps, t =    6.91382017507964      
  time in time step =   0.604616000000021     
 n =          480  of          554  time steps, t =    6.92825403765809      
  time in time step =   0.606001999999989     
 n =          481  of          554  time steps, t =    6.94268790023655      
  time in time step =   0.605722000000014     
 n =          482  of          554  time steps, t =    6.95712176281500      
  time in time step =   0.605690000000038     
 n =          483  of          554  time steps, t =    6.97155562539345      
  time in time step =   0.605697999999961     
 n =          484  of          554  time steps, t =    6.98598948797191      
  time in time step =   0.605132999999967     
 n =          485  of          554  time steps, t =    7.00042335055036      
  time in time step =   0.605987000000027     
 n =          486  of          554  time steps, t =    7.01485721312882      
  time in time step =   0.606609999999989     
 n =          487  of          554  time steps, t =    7.02929107570727      
  time in time step =   0.604676999999981     
 n =          488  of          554  time steps, t =    7.04372493828573      
  time in time step =   0.605746000000011     
 n =          489  of          554  time steps, t =    7.05815880086418      
  time in time step =   0.606107000000009     
 n =          490  of          554  time steps, t =    7.07259266344264      
  time in time step =   0.605361000000016     
 n =          491  of          554  time steps, t =    7.08702652602109      
  time in time step =   0.604680000000030     
 n =          492  of          554  time steps, t =    7.10146038859954      
  time in time step =   0.606591999999978     
 n =          493  of          554  time steps, t =    7.11589425117800      
  time in time step =   0.606064000000003     
 n =          494  of          554  time steps, t =    7.13032811375645      
  time in time step =   0.605184999999949     
 n =          495  of          554  time steps, t =    7.14476197633491      
  time in time step =   0.605324000000053     
 n =          496  of          554  time steps, t =    7.15919583891336      
  time in time step =   0.605549999999994     
 n =          497  of          554  time steps, t =    7.17362970149182      
  time in time step =   0.604647999999997     
 n =          498  of          554  time steps, t =    7.18806356407027      
  time in time step =   0.624609000000021     
 n =          499  of          554  time steps, t =    7.20249742664872      
  time in time step =   0.606422000000009     
 n =          500  of          554  time steps, t =    7.21693128922718      
  time in time step =   0.605052999999998     
 n =          501  of          554  time steps, t =    7.23136515180563      
  time in time step =   0.605812000000014     
 n =          502  of          554  time steps, t =    7.24579901438409      
  time in time step =   0.604844999999955     
 n =          503  of          554  time steps, t =    7.26023287696254      
  time in time step =   0.604208000000028     
 n =          504  of          554  time steps, t =    7.27466673954100      
  time in time step =   0.606226999999990     
 n =          505  of          554  time steps, t =    7.28910060211945      
  time in time step =   0.605967000000021     
 n =          506  of          554  time steps, t =    7.30353446469791      
  time in time step =   0.605678000000012     
 n =          507  of          554  time steps, t =    7.31796832727636      
  time in time step =   0.605474000000015     
 n =          508  of          554  time steps, t =    7.33240218985481      
  time in time step =   0.605330999999978     
 n =          509  of          554  time steps, t =    7.34683605243327      
  time in time step =   0.605487999999980     
 n =          510  of          554  time steps, t =    7.36126991501172      
  time in time step =   0.604559999999992     
 n =          511  of          554  time steps, t =    7.37570377759018      
  time in time step =   0.605720999999960     
 n =          512  of          554  time steps, t =    7.39013764016863      
  time in time step =   0.604920000000050     
 n =          513  of          554  time steps, t =    7.40457150274709      
  time in time step =   0.606122999999968     
 n =          514  of          554  time steps, t =    7.41900536532554      
  time in time step =   0.623022999999989     
 n =          515  of          554  time steps, t =    7.43343922790399      
  time in time step =   0.605945000000020     
 n =          516  of          554  time steps, t =    7.44787309048245      
  time in time step =   0.604769999999974     
 n =          517  of          554  time steps, t =    7.46230695306090      
  time in time step =   0.605919000000029     
 n =          518  of          554  time steps, t =    7.47674081563936      
  time in time step =   0.605582999999967     
 n =          519  of          554  time steps, t =    7.49117467821781      
  time in time step =   0.606163999999978     
 n =          520  of          554  time steps, t =    7.50560854079627      
  time in time step =   0.604431999999974     
 n =          521  of          554  time steps, t =    7.52004240337472      
  time in time step =   0.605946999999958     
 n =          522  of          554  time steps, t =    7.53447626595317      
  time in time step =   0.605388000000005     
 n =          523  of          554  time steps, t =    7.54891012853163      
  time in time step =   0.605801000000042     
 n =          524  of          554  time steps, t =    7.56334399111008      
  time in time step =   0.605601999999976     
 n =          525  of          554  time steps, t =    7.57777785368854      
  time in time step =   0.604593000000023     
 n =          526  of          554  time steps, t =    7.59221171626699      
  time in time step =   0.605652999999961     
 n =          527  of          554  time steps, t =    7.60664557884545      
  time in time step =   0.605835000000013     
 n =          528  of          554  time steps, t =    7.62107944142390      
  time in time step =   0.604894000000002     
 n =          529  of          554  time steps, t =    7.63551330400236      
  time in time step =   0.605795000000001     
 n =          530  of          554  time steps, t =    7.64994716658081      
  time in time step =   0.605148999999983     
 n =          531  of          554  time steps, t =    7.66438102915926      
  time in time step =   0.605451000000016     
 n =          532  of          554  time steps, t =    7.67881489173772      
  time in time step =   0.605665999999985     
 n =          533  of          554  time steps, t =    7.69324875431617      
  time in time step =   0.605526999999995     
 n =          534  of          554  time steps, t =    7.70768261689463      
  time in time step =   0.604956000000016     
 n =          535  of          554  time steps, t =    7.72211647947308      
  time in time step =   0.605261999999982     
 n =          536  of          554  time steps, t =    7.73655034205154      
  time in time step =   0.604691000000003     
 n =          537  of          554  time steps, t =    7.75098420462999      
  time in time step =   0.606125999999961     
 n =          538  of          554  time steps, t =    7.76541806720844      
  time in time step =   0.605510000000038     
 n =          539  of          554  time steps, t =    7.77985192978690      
  time in time step =   0.604860999999971     
 n =          540  of          554  time steps, t =    7.79428579236535      
  time in time step =   0.606153000000006     
 n =          541  of          554  time steps, t =    7.80871965494381      
  time in time step =   0.604124000000013     
 n =          542  of          554  time steps, t =    7.82315351752226      
  time in time step =   0.606384999999989     
 n =          543  of          554  time steps, t =    7.83758738010072      
  time in time step =   0.605801999999983     
 n =          544  of          554  time steps, t =    7.85202124267917      
  time in time step =   0.604518000000041     
 n =          545  of          554  time steps, t =    7.86645510525763      
  time in time step =   0.605392999999992     
 n =          546  of          554  time steps, t =    7.88088896783608      
  time in time step =   0.605349999999987     
 n =          547  of          554  time steps, t =    7.89532283041453      
  time in time step =   0.605027000000007     
 n =          548  of          554  time steps, t =    7.90975669299299      
  time in time step =   0.605750999999998     
 n =          549  of          554  time steps, t =    7.92419055557144      
  time in time step =   0.605333000000030     
 n =          550  of          554  time steps, t =    7.93862441814990      
  time in time step =   0.605157999999960     
 n =          551  of          554  time steps, t =    7.95305828072835      
  time in time step =   0.605097000000001     
 n =          552  of          554  time steps, t =    7.96749214330681      
  time in time step =   0.604918999999995     
 n =          553  of          554  time steps, t =    7.98192600588526      
  time in time step =   0.604970000000037     
 n =          554  of          554  time steps, t =    7.99635986846371      
  time in time step =   0.605489999999975     

Total MPI time      338.2325401     s
